2023-02-01 08:56:02,731 DEBUG 生产管理系统 发送请求:<Response [200]>MainThread
2023-02-01 08:56:02,892 DEBUG 生产管理系统 发送请求:<Response [200]>MainThread
2023-02-01 08:56:03,113 DEBUG 生产管理系统 发送请求:<Response [200]>MainThread
2023-02-01 08:56:51,779 DEBUG 生产管理系统 发送请求:<Response [200]>test_kpgl.py
2023-02-01 08:56:51,969 DEBUG 生产管理系统 发送请求:<Response [200]>test_kpgl.py
2023-02-01 08:56:52,187 DEBUG 生产管理系统 发送请求:<Response [200]>test_kpgl.py
2023-02-01 08:58:30,635 DEBUG 生产管理系统 发送请求:<Response [200]>test_kpgl.pyMainThread
2023-02-01 08:58:30,806 DEBUG 生产管理系统 发送请求:<Response [200]>test_kpgl.pyMainThread
2023-02-01 08:58:31,018 DEBUG 生产管理系统 发送请求:<Response [200]>test_kpgl.pyMainThread
2023-02-01 08:59:37,820 DEBUG 生产管理系统 发送请求:<Response [200]>test_kpgl.pytest_dl
2023-02-01 08:59:37,992 DEBUG 生产管理系统 发送请求:<Response [200]>test_kpgl.pytest_sq
2023-02-01 08:59:38,201 DEBUG 生产管理系统 发送请求:<Response [200]>test_kpgl.pytest_qr
2023-02-01 09:00:15,428 DEBUG 生产管理系统 发送请求:<Response [200]>test_kpgl.py test_dl
2023-02-01 09:00:15,595 DEBUG 生产管理系统 发送请求:<Response [200]>test_kpgl.py test_sq
2023-02-01 09:00:15,821 DEBUG 生产管理系统 发送请求:<Response [200]>test_kpgl.py test_qr
2023-02-01 09:06:56,426 DEBUG 生产管理系统 发送请求:<Response [200]> test_kpgl.py test_dl
2023-02-01 09:06:56,596 DEBUG 生产管理系统 发送请求:<Response [200]> test_kpgl.py test_sq
2023-02-01 09:06:56,784 DEBUG 生产管理系统 发送请求:<Response [200]> test_kpgl.py test_qr
2023-02-01 09:07:11,806 DEBUG 生产管理系统 发送请求:<Response [200]> test_kpgl.py test_dl
2023-02-01 09:07:11,965 DEBUG 生产管理系统 发送请求:<Response [200]> test_kpgl.py test_sq
2023-02-01 09:07:12,154 DEBUG 生产管理系统 发送请求:<Response [200]> test_kpgl.py test_qr
2023-02-01 09:29:57,254 DEBUG 生产管理系统 发送请求:<Response [200]> test_kpgl.py test_dl
2023-02-01 09:29:57,416 DEBUG 生产管理系统 发送请求:<Response [200]> test_kpgl.py test_sq
2023-02-01 09:29:57,669 DEBUG 生产管理系统 发送请求:<Response [200]> test_kpgl.py test_qr
2023-02-01 09:33:09,276 DEBUG 生产管理系统 发送请求:<Response [200]> test_kpgl.py test_dl
2023-02-01 09:33:09,446 DEBUG 生产管理系统 发送请求:<Response [200]> test_kpgl.py test_sq
2023-02-01 09:33:09,662 DEBUG 生产管理系统 发送请求:<Response [200]> test_kpgl.py test_qr
2023-02-01 09:34:19,633 DEBUG 生产管理系统 发送请求:<Response [200]> test_kpgl.py test_dl
2023-02-01 09:34:19,802 DEBUG 生产管理系统 发送请求:<Response [200]> test_kpgl.py test_sq
2023-02-01 09:34:20,047 DEBUG 生产管理系统 发送请求:<Response [200]> test_kpgl.py test_qr
2023-02-01 09:43:50,820 DEBUG 生产管理系统 发送请求:<Response [200]> test_kpgl.py test_dl
2023-02-01 09:43:51,035 DEBUG 生产管理系统 发送请求:<Response [200]> test_kpgl.py test_sq
2023-02-01 09:43:51,255 DEBUG 生产管理系统 发送请求:<Response [200]> test_kpgl.py test_qr
2023-02-01 09:44:59,750 DEBUG 生产管理系统 发送请求:<Response [200]> test_kpgl.py test_dl
2023-02-01 09:44:59,916 DEBUG 生产管理系统 发送请求:<Response [200]> test_kpgl.py test_sq
2023-02-01 09:45:00,138 DEBUG 生产管理系统 发送请求:<Response [200]> test_kpgl.py test_qr
2023-02-01 09:50:54,628 DEBUG 生产管理系统 发送请求:<Response [200]> test_kpgl.py test_dl
2023-02-01 09:50:54,794 DEBUG 生产管理系统 发送请求:<Response [200]> test_kpgl.py test_sq
2023-02-01 09:50:55,033 DEBUG 生产管理系统 发送请求:<Response [200]> test_kpgl.py test_qr
2023-02-01 09:52:26,004 DEBUG 生产管理系统 发送请求:<Response [200]> test_kpgl.py test_dl
2023-02-01 09:52:26,168 DEBUG 生产管理系统 发送请求:<Response [200]> test_kpgl.py test_sq
2023-02-01 09:52:26,397 DEBUG 生产管理系统 发送请求:<Response [200]> test_kpgl.py test_qr
2023-02-01 09:56:11,353 DEBUG 生产管理系统 发送请求:<Response [200]> test_kpgl.py test_dl
2023-02-01 09:56:11,530 DEBUG 生产管理系统 发送请求:<Response [200]> test_kpgl.py test_sq
2023-02-01 09:56:11,745 DEBUG 生产管理系统 发送请求:<Response [200]> test_kpgl.py test_qr
2023-02-01 09:56:32,300 DEBUG 生产管理系统 发送请求:<Response [200]> test_kpgl.py test_dl
2023-02-01 09:56:32,474 DEBUG 生产管理系统 发送请求:<Response [200]> test_kpgl.py test_sq
2023-02-01 09:56:32,675 DEBUG 生产管理系统 发送请求:<Response [200]> test_kpgl.py test_qr
2023-02-01 10:26:21,965 DEBUG 生产管理系统 发送请求:<Response [200]> test_kpgl.py test_dl
2023-02-01 10:26:22,144 DEBUG 生产管理系统 发送请求:<Response [200]> test_kpgl.py test_sq
2023-02-01 10:26:22,359 DEBUG 生产管理系统 发送请求:<Response [200]> test_kpgl.py test_qr
2023-02-01 10:50:53,185 DEBUG 生产管理系统 发送请求:<Response [200]> test_kpgl.py test_dl
2023-02-01 11:02:09,902 DEBUG 生产管理系统 发送请求:<Response [200]> test_kpgl.py test_dl
2023-02-01 11:02:38,160 DEBUG 生产管理系统 发送请求:<Response [200]> test_kpgl.py test_dl
2023-02-01 11:02:52,695 DEBUG 生产管理系统 发送请求:<Response [200]> test_kpgl.py test_dl
2023-02-01 11:02:53,060 DEBUG 生产管理系统 发送请求:<Response [200]> test_kpgl.py test_sq
2023-02-01 11:02:53,298 DEBUG 生产管理系统 发送请求:<Response [200]> test_kpgl.py test_qr
2023-02-01 11:03:17,932 DEBUG 生产管理系统 发送请求:<Response [200]> test_kpgl.py test_dl
2023-02-01 11:03:18,095 DEBUG 生产管理系统 发送请求:<Response [200]> test_kpgl.py test_sq
2023-02-01 11:03:18,306 DEBUG 生产管理系统 发送请求:<Response [200]> test_kpgl.py test_qr
2023-02-01 11:03:38,874 DEBUG 生产管理系统 发送请求:<Response [200]> test_kpgl.py test_dl
2023-02-01 11:04:17,349 DEBUG 生产管理系统 发送请求:<Response [200]> test_kpgl.py test_dl
2023-02-01 11:04:26,476 DEBUG 生产管理系统 发送请求:<Response [200]> test_kpgl.py test_dl
2023-02-01 11:05:06,644 DEBUG 生产管理系统 发送请求:<Response [200]> test_kpgl.py test_dl
2023-02-01 11:07:31,340 DEBUG 生产管理系统 发送请求:<Response [200]> test_kpgl.py test_dl
2023-02-01 11:07:47,057 DEBUG 生产管理系统 发送请求:<Response [200]> test_kpgl.py test_dl
2023-02-01 11:08:12,448 DEBUG 生产管理系统 发送请求:<Response [200]> test_kpgl.py test_dl
2023-02-01 11:08:20,344 DEBUG 生产管理系统 发送请求:<Response [200]> test_kpgl.py test_dl
2023-02-01 11:08:46,587 DEBUG 生产管理系统 发送请求:<Response [200]> test_kpgl.py test_dl
2023-02-01 11:08:53,479 DEBUG 生产管理系统 发送请求:<Response [200]> test_kpgl.py test_dl
2023-02-01 12:17:56,059 DEBUG 生产管理系统 发送请求:<Response [200]> test_kpgl.py test_sq
2023-02-01 12:17:56,301 DEBUG 生产管理系统 发送请求:<Response [200]> test_kpgl.py test_qr
2023-02-01 14:23:44,866 DEBUG 生产管理系统 发送请求:<Response [200]> test_kpgl.py test_qr
2023-02-01 14:24:57,905 DEBUG 生产管理系统 发送请求:<Response [200]> test_kpgl.py test_sq
2023-02-01 14:24:58,169 DEBUG 生产管理系统 发送请求:<Response [200]> test_kpgl.py test_qr
2023-02-01 15:40:37,305 DEBUG 生产管理系统 发送请求:<Response [200]> test_kpgl.py test_sq
2023-02-01 15:40:37,512 DEBUG 生产管理系统 发送请求:<Response [200]> test_kpgl.py test_qr
2023-02-01 15:46:41,747 DEBUG 生产管理系统 发送请求:<Response [200]> test_ys.py test_kp
2023-02-01 15:46:42,077 DEBUG 生产管理系统 发送请求:<Response [200]> test_ys.py test_skxj
2023-02-01 15:46:42,253 DEBUG 生产管理系统 发送请求:<Response [200]> test_ys.py test_skcd
2023-02-01 15:46:42,415 DEBUG 生产管理系统 发送请求:<Response [200]> test_ys.py test_skzp
2023-02-01 15:46:42,707 DEBUG 生产管理系统 发送请求:<Response [200]> test_ys.py test_tk1
2023-02-01 15:46:42,938 DEBUG 生产管理系统 发送请求:<Response [200]> test_ys.py test_ws
2023-02-01 15:46:43,202 DEBUG 生产管理系统 发送请求:<Response [200]> test_ys.py test_zz
2023-02-01 15:46:52,584 DEBUG 生产管理系统 发送请求:<Response [200]> test_ys.py test_skxj
2023-02-01 15:47:15,243 DEBUG 生产管理系统 发送请求:<Response [200]> test_ys.py test_skxj
2023-02-01 15:47:36,054 DEBUG 生产管理系统 发送请求:<Response [200]> test_ys.py test_kp
2023-02-01 15:47:36,267 DEBUG 生产管理系统 发送请求:<Response [200]> test_ys.py test_skxj
2023-02-01 15:47:36,452 DEBUG 生产管理系统 发送请求:<Response [200]> test_ys.py test_skcd
2023-02-01 15:47:36,643 DEBUG 生产管理系统 发送请求:<Response [200]> test_ys.py test_skzp
2023-02-01 15:47:36,868 DEBUG 生产管理系统 发送请求:<Response [200]> test_ys.py test_tk1
2023-02-01 15:47:37,075 DEBUG 生产管理系统 发送请求:<Response [200]> test_ys.py test_ws
2023-02-01 15:47:37,326 DEBUG 生产管理系统 发送请求:<Response [200]> test_ys.py test_zz
2023-02-01 16:03:11,073 DEBUG 生产管理系统 发送请求:<Response [200]> test_ys.py test_kp
2023-02-01 16:03:11,292 DEBUG 生产管理系统 发送请求:<Response [200]> test_ys.py test_skxj
2023-02-01 16:03:11,482 DEBUG 生产管理系统 发送请求:<Response [200]> test_ys.py test_skcd
2023-02-01 16:03:11,648 DEBUG 生产管理系统 发送请求:<Response [200]> test_ys.py test_skzp
2023-02-01 16:03:11,862 DEBUG 生产管理系统 发送请求:<Response [200]> test_ys.py test_tk1
2023-02-01 16:03:12,062 DEBUG 生产管理系统 发送请求:<Response [200]> test_ys.py test_ws
2023-02-01 16:03:12,314 DEBUG 生产管理系统 发送请求:<Response [200]> test_ys.py test_zz
2023-02-01 16:04:04,836 DEBUG 生产管理系统 发送请求:<Response [200]> test_ys.py test_kp
2023-02-01 16:04:05,057 DEBUG 生产管理系统 发送请求:<Response [200]> test_ys.py test_skxj
2023-02-01 16:04:05,215 DEBUG 生产管理系统 发送请求:<Response [200]> test_ys.py test_skcd
2023-02-01 16:04:05,388 DEBUG 生产管理系统 发送请求:<Response [200]> test_ys.py test_skzp
2023-02-01 16:04:05,606 DEBUG 生产管理系统 发送请求:<Response [200]> test_ys.py test_tk1
2023-02-01 16:04:05,802 DEBUG 生产管理系统 发送请求:<Response [200]> test_ys.py test_ws
2023-02-01 16:04:06,056 DEBUG 生产管理系统 发送请求:<Response [200]> test_ys.py test_zz
2023-02-01 16:25:27,532 DEBUG 生产管理系统 发送请求:<Response [200]> test_ys.py test_kp
2023-02-01 16:25:27,842 DEBUG 生产管理系统 发送请求:<Response [200]> test_ys.py test_skxj
2023-02-01 16:25:28,021 DEBUG 生产管理系统 发送请求:<Response [200]> test_ys.py test_skcd
2023-02-01 16:25:28,183 DEBUG 生产管理系统 发送请求:<Response [200]> test_ys.py test_skzp
2023-02-01 16:25:28,403 DEBUG 生产管理系统 发送请求:<Response [200]> test_ys.py test_tk1
2023-02-01 16:25:28,597 DEBUG 生产管理系统 发送请求:<Response [200]> test_ys.py test_ws
2023-02-01 16:25:28,835 DEBUG 生产管理系统 发送请求:<Response [200]> test_ys.py test_zz
2023-02-01 17:04:25,279 DEBUG 生产管理系统 发送请求:<Response [200]> test_kpgl.py test_sq
2023-02-01 17:04:25,505 DEBUG 生产管理系统 发送请求:<Response [200]> test_kpgl.py test_qr
2023-02-01 17:04:25,720 DEBUG 生产管理系统 发送请求:<Response [200]> test_ys.py test_kp
2023-02-01 17:04:25,939 DEBUG 生产管理系统 发送请求:<Response [200]> test_ys.py test_skxj
2023-02-01 17:04:26,115 DEBUG 生产管理系统 发送请求:<Response [200]> test_ys.py test_skcd
2023-02-01 17:04:26,268 DEBUG 生产管理系统 发送请求:<Response [200]> test_ys.py test_skzp
2023-02-01 17:04:26,481 DEBUG 生产管理系统 发送请求:<Response [200]> test_ys.py test_tk1
2023-02-01 17:04:26,690 DEBUG 生产管理系统 发送请求:<Response [200]> test_ys.py test_ws
2023-02-01 17:04:26,930 DEBUG 生产管理系统 发送请求:<Response [200]> test_ys.py test_zz
2023-02-01 17:29:47,162 DEBUG 生产管理系统 发送请求:<Response [200]> test_ys.py test_kp
2023-02-01 17:36:39,505 DEBUG 生产管理系统 发送请求:<Response [200]> test_ys.py test_kp
2023-02-01 17:36:47,151 DEBUG 生产管理系统 发送请求:<Response [200]> test_ys.py test_kp
2023-02-01 17:36:54,664 DEBUG 生产管理系统 发送请求:<Response [200]> test_ys.py test_kp
2023-02-01 17:36:54,917 DEBUG 生产管理系统 发送请求:<Response [200]> test_ys.py test_skxj
2023-02-01 17:36:55,129 DEBUG 生产管理系统 发送请求:<Response [200]> test_ys.py test_skcd
2023-02-01 17:36:55,317 DEBUG 生产管理系统 发送请求:<Response [200]> test_ys.py test_skzp
2023-02-01 17:36:55,552 DEBUG 生产管理系统 发送请求:<Response [200]> test_ys.py test_tk1
2023-02-01 17:36:55,780 DEBUG 生产管理系统 发送请求:<Response [200]> test_ys.py test_ws
2023-02-01 17:36:56,036 DEBUG 生产管理系统 发送请求:<Response [200]> test_ys.py test_zz
2023-02-01 17:37:09,300 DEBUG 生产管理系统 发送请求:<Response [200]> test_ys.py test_kp
2023-02-01 17:37:09,512 DEBUG 生产管理系统 发送请求:<Response [200]> test_ys.py test_skxj
2023-02-01 17:37:09,678 DEBUG 生产管理系统 发送请求:<Response [200]> test_ys.py test_skcd
2023-02-01 17:37:09,835 DEBUG 生产管理系统 发送请求:<Response [200]> test_ys.py test_skzp
2023-02-01 17:37:10,057 DEBUG 生产管理系统 发送请求:<Response [200]> test_ys.py test_tk1
2023-02-01 17:37:10,327 DEBUG 生产管理系统 发送请求:<Response [200]> test_ys.py test_ws
2023-02-01 17:37:10,573 DEBUG 生产管理系统 发送请求:<Response [200]> test_ys.py test_zz
2023-02-01 18:47:18,147 DEBUG 生产管理系统 发送请求:<Response [200]> test_ys.py test_kp
2023-02-01 19:04:23,212 DEBUG 生产管理系统 发送请求:<Response [200]> test_ys.py test_kp
2023-02-01 19:14:46,415 DEBUG 生产管理系统 发送请求:<Response [200]> yf.py test_zk
2023-02-01 19:21:26,667 DEBUG 生产管理系统 发送请求:<Response [200]> yf.py test_zk
2023-02-01 19:21:36,259 DEBUG 生产管理系统 发送请求:<Response [200]> yf.py test_zz
2023-02-01 19:28:38,067 DEBUG 生产管理系统 发送请求:<Response [200]> yf.py test_zk
2023-02-01 19:28:38,268 DEBUG 生产管理系统 发送请求:<Response [200]> yf.py test_zz
2023-02-01 19:28:38,423 DEBUG 生产管理系统 发送请求:<Response [200]> yf.py test_ws
2023-02-01 19:28:38,542 DEBUG 生产管理系统 发送请求:<Response [200]> yf.py test_yfk
2023-02-01 19:32:21,641 DEBUG 生产管理系统 发送请求:<Response [200]> yf.py test_zk
2023-02-01 19:32:21,863 DEBUG 生产管理系统 发送请求:<Response [200]> yf.py test_zz
2023-02-01 19:32:22,022 DEBUG 生产管理系统 发送请求:<Response [200]> yf.py test_ws
2023-02-01 19:32:22,141 DEBUG 生产管理系统 发送请求:<Response [200]> yf.py test_yfk
2023-02-01 19:33:41,927 DEBUG 生产管理系统 发送请求:<Response [200]> test_yf.py test_zk
2023-02-01 19:33:42,104 DEBUG 生产管理系统 发送请求:<Response [200]> test_yf.py test_zz
2023-02-01 19:33:42,255 DEBUG 生产管理系统 发送请求:<Response [200]> test_yf.py test_ws
2023-02-01 19:33:42,373 DEBUG 生产管理系统 发送请求:<Response [200]> test_yf.py test_yfk
