2023-02-02 11:52:40,643 DEBUG 生产管理系统 发送请求:<Response [200]> test_yf.py test_yfk
2023-02-02 11:52:40,643 INFO 生产管理系统 发送请求:<Response [200]> test_yf.py test_yfk
2023-02-02 12:00:29,598 INFO 生产管理系统 发送请求:<Response [200]> test_yf.py test_yfk
2023-02-02 12:01:50,932 DEBUG 生产管理系统 发送请求:<Response [200]> test_yf.py test_zk
2023-02-02 12:01:51,271 DEBUG 生产管理系统 发送请求:<Response [200]> test_yf.py test_zz
2023-02-02 12:01:51,467 DEBUG 生产管理系统 发送请求:<Response [200]> test_yf.py test_ws
2023-02-02 12:01:51,622 DEBUG 生产管理系统 发送请求:<Response [200]> test_yf.py test_yfk
2023-02-02 13:09:12,734 DEBUG 生产管理系统 发送请求:<Response [200]> test_yf.py test_zk
2023-02-02 13:32:55,183 DEBUG 生产管理系统 发送请求:<Response [200]> test_yf.py test_zk
2023-02-02 13:38:14,437 DEBUG 生产管理系统 发送请求:<Response [200]> test_yf.py test_zk
2023-02-02 13:42:36,830 DEBUG 生产管理系统 发送请求:<Response [200]> test_yf.py test_zk
2023-02-02 13:45:32,097 DEBUG 生产管理系统 发送请求:<Response [200]> test_yf.py test_zk
2023-02-02 13:45:32,212 DEBUG 生产管理系统 发送请求:<Response [200]> test_yf.py test_xgzk
2023-02-02 13:45:32,558 DEBUG 生产管理系统 发送请求:<Response [200]> test_yf.py test_zz
2023-02-02 13:45:32,863 DEBUG 生产管理系统 发送请求:<Response [200]> test_yf.py test_ws
2023-02-02 13:45:33,033 DEBUG 生产管理系统 发送请求:<Response [200]> test_yf.py test_yfk
2023-02-02 13:46:35,654 DEBUG 生产管理系统 发送请求:<Response [200]> test_yf.py test_zk
2023-02-02 13:46:35,742 DEBUG 生产管理系统 发送请求:<Response [200]> test_yf.py test_xgzk
2023-02-02 13:46:36,017 DEBUG 生产管理系统 发送请求:<Response [200]> test_yf.py test_zz
2023-02-02 13:46:36,186 DEBUG 生产管理系统 发送请求:<Response [200]> test_yf.py test_ws
2023-02-02 13:46:36,318 DEBUG 生产管理系统 发送请求:<Response [200]> test_yf.py test_yfk
2023-02-02 13:48:44,328 DEBUG 生产管理系统 发送请求:<Response [200]> test_yf.py test_zk
2023-02-02 13:48:44,409 DEBUG 生产管理系统 发送请求:<Response [200]> test_yf.py test_xgzk
2023-02-02 13:48:44,677 DEBUG 生产管理系统 发送请求:<Response [200]> test_yf.py test_zz
2023-02-02 13:48:44,837 DEBUG 生产管理系统 发送请求:<Response [200]> test_yf.py test_ws
2023-02-02 13:48:44,959 DEBUG 生产管理系统 发送请求:<Response [200]> test_yf.py test_yfk
2023-02-02 13:50:29,755 DEBUG 生产管理系统 发送请求:<Response [200]> test_yf.py test_xgzk
2023-02-02 13:53:10,473 DEBUG 生产管理系统 发送请求:<Response [200]> test_yf.py test_xgzk
2023-02-02 13:56:54,021 DEBUG 生产管理系统 发送请求:<Response [200]> test_yf.py test_xgzk
2023-02-02 13:57:58,025 DEBUG 生产管理系统 发送请求:<Response [200]> test_yf.py test_xgzk
2023-02-02 13:58:29,974 DEBUG 生产管理系统 发送请求:<Response [200]> test_yf.py test_xgzk
2023-02-02 13:58:53,671 DEBUG 生产管理系统 发送请求:<Response [200]> test_yf.py test_xgzk
2023-02-02 13:59:25,089 DEBUG 生产管理系统 发送请求:<Response [200]> test_yf.py test_xgzk
2023-02-02 14:04:21,403 DEBUG 生产管理系统 发送请求:<Response [200]> test_yf.py test_zk
2023-02-02 14:04:21,585 DEBUG 生产管理系统 发送请求:<Response [200]> test_yf.py test_xgzk
2023-02-02 14:04:21,769 DEBUG 生产管理系统 发送请求:<Response [200]> test_yf.py test_zz
2023-02-02 14:04:21,938 DEBUG 生产管理系统 发送请求:<Response [200]> test_yf.py test_ws
2023-02-02 14:04:22,056 DEBUG 生产管理系统 发送请求:<Response [200]> test_yf.py test_yfk
2023-02-02 14:05:33,686 DEBUG 生产管理系统 发送请求:<Response [200]> test_yf.py test_zk
2023-02-02 14:05:33,832 DEBUG 生产管理系统 发送请求:<Response [200]> test_yf.py test_xgzk
2023-02-02 14:05:34,114 DEBUG 生产管理系统 发送请求:<Response [200]> test_yf.py test_zz
2023-02-02 14:05:34,284 DEBUG 生产管理系统 发送请求:<Response [200]> test_yf.py test_ws
2023-02-02 14:05:34,440 DEBUG 生产管理系统 发送请求:<Response [200]> test_yf.py test_yfk
2023-02-02 14:05:52,456 DEBUG 生产管理系统 发送请求:<Response [200]> test_yf.py test_zk
2023-02-02 14:05:52,593 DEBUG 生产管理系统 发送请求:<Response [200]> test_yf.py test_xgzk
2023-02-02 14:05:52,843 DEBUG 生产管理系统 发送请求:<Response [200]> test_yf.py test_zz
2023-02-02 14:05:53,008 DEBUG 生产管理系统 发送请求:<Response [200]> test_yf.py test_ws
2023-02-02 14:05:53,140 DEBUG 生产管理系统 发送请求:<Response [200]> test_yf.py test_yfk
2023-02-02 14:08:21,835 DEBUG 生产管理系统 发送请求:<Response [200]> test_yf.py test_zk
2023-02-02 14:08:22,025 DEBUG 生产管理系统 发送请求:<Response [200]> test_yf.py test_xgzk
2023-02-02 14:08:22,200 DEBUG 生产管理系统 发送请求:<Response [200]> test_yf.py test_zz
2023-02-02 14:08:22,394 DEBUG 生产管理系统 发送请求:<Response [200]> test_yf.py test_ws
2023-02-02 14:08:22,519 DEBUG 生产管理系统 发送请求:<Response [200]> test_yf.py test_yfk
2023-02-02 14:10:35,881 DEBUG 生产管理系统 发送请求:<Response [200]> test_yf.py test_zk
2023-02-02 14:10:36,052 DEBUG 生产管理系统 发送请求:<Response [200]> test_yf.py test_xgzk
2023-02-02 14:10:36,251 DEBUG 生产管理系统 发送请求:<Response [200]> test_yf.py test_zz
2023-02-02 14:10:36,403 DEBUG 生产管理系统 发送请求:<Response [200]> test_yf.py test_ws
2023-02-02 14:10:36,523 DEBUG 生产管理系统 发送请求:<Response [200]> test_yf.py test_yfk
2023-02-02 14:11:08,865 DEBUG 生产管理系统 发送请求:<Response [200]> test_yf.py test_zk
2023-02-02 14:11:09,035 DEBUG 生产管理系统 发送请求:<Response [200]> test_yf.py test_xgzk
2023-02-02 14:11:09,213 DEBUG 生产管理系统 发送请求:<Response [200]> test_yf.py test_zz
2023-02-02 14:11:09,365 DEBUG 生产管理系统 发送请求:<Response [200]> test_yf.py test_ws
2023-02-02 14:11:09,488 DEBUG 生产管理系统 发送请求:<Response [200]> test_yf.py test_yfk
2023-02-02 14:11:50,682 DEBUG 生产管理系统 发送请求:<Response [200]> test_yf.py test_zk
2023-02-02 14:11:50,816 DEBUG 生产管理系统 发送请求:<Response [200]> test_yf.py test_xgzk
2023-02-02 14:11:51,060 DEBUG 生产管理系统 发送请求:<Response [200]> test_yf.py test_zz
2023-02-02 14:11:51,212 DEBUG 生产管理系统 发送请求:<Response [200]> test_yf.py test_ws
2023-02-02 14:11:51,329 DEBUG 生产管理系统 发送请求:<Response [200]> test_yf.py test_yfk
2023-02-02 14:15:27,818 DEBUG 生产管理系统 发送请求:<Response [200]> test_yf.py test_zk
2023-02-02 14:15:27,982 DEBUG 生产管理系统 发送请求:<Response [200]> test_yf.py test_xgzk
2023-02-02 14:15:28,244 DEBUG 生产管理系统 发送请求:<Response [200]> test_yf.py test_zz
2023-02-02 14:15:28,401 DEBUG 生产管理系统 发送请求:<Response [200]> test_yf.py test_ws
2023-02-02 14:15:28,515 DEBUG 生产管理系统 发送请求:<Response [200]> test_yf.py test_yfk
2023-02-02 14:16:30,554 DEBUG 生产管理系统 发送请求:<Response [200]> test_yf.py test_zk
2023-02-02 14:16:30,851 DEBUG 生产管理系统 发送请求:<Response [200]> test_yf.py test_zz
2023-02-02 14:16:31,004 DEBUG 生产管理系统 发送请求:<Response [200]> test_yf.py test_ws
2023-02-02 14:16:31,126 DEBUG 生产管理系统 发送请求:<Response [200]> test_yf.py test_yfk
2023-02-02 14:20:01,554 DEBUG 生产管理系统 发送请求:<Response [200]> test_yf.py test_xgzk
2023-02-02 14:20:29,932 DEBUG 生产管理系统 发送请求:<Response [200]> test_yf.py test_xgzk
2023-02-02 14:21:02,148 DEBUG 生产管理系统 发送请求:<Response [200]> test_yf.py test_xgzk
2023-02-02 14:21:44,388 DEBUG 生产管理系统 发送请求:<Response [200]> test_yf.py test_xgzk
2023-02-02 14:22:08,005 DEBUG 生产管理系统 发送请求:<Response [200]> test_yf.py test_xgzk
2023-02-02 14:23:02,531 DEBUG 生产管理系统 发送请求:<Response [200]> test_yf.py test_xgzk
2023-02-02 14:23:43,114 DEBUG 生产管理系统 发送请求:<Response [200]> test_yf.py test_xgzk
2023-02-02 14:25:44,777 DEBUG 生产管理系统 发送请求:<Response [200]> test_yf.py test_zk
2023-02-02 14:25:58,160 DEBUG 生产管理系统 发送请求:<Response [200]> test_yf.py test_xgzk
2023-02-02 14:26:16,537 DEBUG 生产管理系统 发送请求:<Response [200]> test_yf.py test_xgzk
2023-02-02 14:27:15,597 DEBUG 生产管理系统 发送请求:<Response [200]> test_yf.py test_xgzk
2023-02-02 14:27:50,811 DEBUG 生产管理系统 发送请求:<Response [200]> test_yf.py test_xgzk
2023-02-02 14:28:23,109 DEBUG 生产管理系统 发送请求:<Response [200]> test_yf.py test_xgzk
2023-02-02 14:49:27,851 DEBUG 生产管理系统 发送请求:<Response [200]> test_yf.py test_zk
2023-02-02 14:49:27,994 DEBUG 生产管理系统 发送请求:<Response [200]> test_yf.py test_xgzk
2023-02-02 14:49:28,375 DEBUG 生产管理系统 发送请求:<Response [200]> test_yf.py test_zz
2023-02-02 14:49:28,553 DEBUG 生产管理系统 发送请求:<Response [200]> test_yf.py test_ws
2023-02-02 14:49:28,677 DEBUG 生产管理系统 发送请求:<Response [200]> test_yf.py test_yfk
2023-02-02 14:51:45,974 DEBUG 生产管理系统 发送请求:<Response [200]> test_yf.py test_zk
2023-02-02 14:51:46,116 DEBUG 生产管理系统 发送请求:<Response [200]> test_yf.py test_xgzk
2023-02-02 14:51:46,368 DEBUG 生产管理系统 发送请求:<Response [200]> test_yf.py test_zz
2023-02-02 14:51:46,526 DEBUG 生产管理系统 发送请求:<Response [200]> test_yf.py test_ws
2023-02-02 14:51:46,652 DEBUG 生产管理系统 发送请求:<Response [200]> test_yf.py test_yfk
2023-02-02 14:53:08,729 DEBUG 生产管理系统 发送请求:<Response [200]> test_yf.py test_zk
2023-02-02 14:53:08,873 DEBUG 生产管理系统 发送请求:<Response [200]> test_yf.py test_xgzk
2023-02-02 14:53:09,131 DEBUG 生产管理系统 发送请求:<Response [200]> test_yf.py test_zz
2023-02-02 14:53:09,298 DEBUG 生产管理系统 发送请求:<Response [200]> test_yf.py test_ws
2023-02-02 14:53:09,454 DEBUG 生产管理系统 发送请求:<Response [200]> test_yf.py test_yfk
2023-02-02 14:53:57,501 DEBUG 生产管理系统 发送请求:<Response [200]> test_yf.py test_zk
2023-02-02 14:53:57,648 DEBUG 生产管理系统 发送请求:<Response [200]> test_yf.py test_xgzk
2023-02-02 14:53:57,936 DEBUG 生产管理系统 发送请求:<Response [200]> test_yf.py test_zz
2023-02-02 14:53:58,086 DEBUG 生产管理系统 发送请求:<Response [200]> test_yf.py test_ws
2023-02-02 14:53:58,204 DEBUG 生产管理系统 发送请求:<Response [200]> test_yf.py test_yfk
2023-02-02 17:03:51,914 DEBUG 生产管理系统 发送请求:<Response [200]> test_yf.py test_zk
2023-02-02 17:03:52,136 DEBUG 生产管理系统 发送请求:<Response [200]> test_yf.py test_zz
2023-02-02 17:03:52,601 DEBUG 生产管理系统 发送请求:<Response [200]> test_yf.py test_ws
2023-02-02 17:03:52,736 DEBUG 生产管理系统 发送请求:<Response [200]> test_yf.py test_yfk
2023-02-02 17:26:23,487 DEBUG 生产管理系统 发送请求:<Response [200]> test_yf.py test_zk
2023-02-02 17:26:23,859 DEBUG 生产管理系统 发送请求:<Response [200]> test_yf.py test_zz
2023-02-02 17:26:24,207 DEBUG 生产管理系统 发送请求:<Response [200]> test_yf.py test_ws
2023-02-02 17:26:24,319 DEBUG 生产管理系统 发送请求:<Response [200]> test_yf.py test_yfk
2023-02-02 17:27:20,824 DEBUG 生产管理系统 发送请求:<Response [200]> test_yf.py test_zk
2023-02-02 17:27:21,189 DEBUG 生产管理系统 发送请求:<Response [200]> test_yf.py test_zz
2023-02-02 17:27:21,565 DEBUG 生产管理系统 发送请求:<Response [200]> test_yf.py test_ws
2023-02-02 17:27:21,697 DEBUG 生产管理系统 发送请求:<Response [200]> test_yf.py test_yfk
2023-02-02 17:29:28,994 DEBUG 生产管理系统 发送请求:<Response [200]> test_yf.py test_zk
2023-02-02 17:29:29,368 DEBUG 生产管理系统 发送请求:<Response [200]> test_yf.py test_zz
2023-02-02 17:29:29,709 DEBUG 生产管理系统 发送请求:<Response [200]> test_yf.py test_ws
2023-02-02 17:29:29,845 DEBUG 生产管理系统 发送请求:<Response [200]> test_yf.py test_yfk
2023-02-02 17:50:54,603 DEBUG 生产管理系统 发送请求:<Response [200]> demo.py test_ws
2023-02-02 17:51:14,479 DEBUG 生产管理系统 发送请求:<Response [200]> demo.py test_ws
2023-02-02 18:22:37,123 DEBUG 生产管理系统 发送请求:<Response [200]> demo.py test_fp
2023-02-02 18:24:51,940 DEBUG 生产管理系统 发送请求:<Response [200]> demo.py test_fp
2023-02-02 18:24:52,148 DEBUG 生产管理系统 发送请求:<Response [200]> demo.py test_xgfp
2023-02-02 18:25:40,857 DEBUG 生产管理系统 发送请求:<Response [200]> demo.py test_fp
2023-02-02 18:25:41,045 DEBUG 生产管理系统 发送请求:<Response [200]> demo.py test_xgfp
2023-02-02 18:35:40,384 DEBUG 生产管理系统 发送请求:<Response [200]> demo.py test_fp
2023-02-02 18:35:40,594 DEBUG 生产管理系统 发送请求:<Response [200]> demo.py test_xgfp
2023-02-02 18:36:28,513 DEBUG 生产管理系统 发送请求:<Response [200]> demo.py test_fp
2023-02-02 18:36:28,709 DEBUG 生产管理系统 发送请求:<Response [200]> demo.py test_xgfp
