2023-02-03 09:32:15,634 DEBUG 生产管理系统 发送请求:<Response [200]> demo.py test_fp
2023-02-03 09:32:15,866 DEBUG 生产管理系统 发送请求:<Response [200]> demo.py test_xgfp
2023-02-03 09:36:07,965 DEBUG 生产管理系统 发送请求:<Response [200]> demo.py test_fp
2023-02-03 09:36:51,002 DEBUG 生产管理系统 发送请求:<Response [200]> demo.py test_fp
2023-02-03 09:36:51,200 DEBUG 生产管理系统 发送请求:<Response [200]> demo.py test_xgfp
2023-02-03 11:12:06,080 DEBUG 生产管理系统 发送请求:<Response [200]> demo.py test_fp
2023-02-03 11:12:06,306 DEBUG 生产管理系统 发送请求:<Response [200]> demo.py test_xgfp
2023-02-03 11:13:12,011 DEBUG 生产管理系统 发送请求:<Response [200]> demo.py test_fp
2023-02-03 11:13:12,210 DEBUG 生产管理系统 发送请求:<Response [200]> demo.py test_xgfp
2023-02-03 11:19:08,909 DEBUG 生产管理系统 发送请求:<Response [200]> demo.py test_fp
2023-02-03 11:19:09,181 DEBUG 生产管理系统 发送请求:<Response [200]> demo.py test_xgfp
2023-02-03 11:30:32,667 DEBUG 生产管理系统 发送请求:<Response [200]> demo.py test_fp
2023-02-03 11:30:32,884 DEBUG 生产管理系统 发送请求:<Response [200]> demo.py test_xgfp
2023-02-03 11:41:02,946 DEBUG 生产管理系统 发送请求:<Response [200]> demo.py test_fp
2023-02-03 11:41:03,172 DEBUG 生产管理系统 发送请求:<Response [200]> demo.py test_xgfp
2023-02-03 11:43:32,178 DEBUG 生产管理系统 发送请求:<Response [200]> demo.py test_fp
2023-02-03 11:43:32,372 DEBUG 生产管理系统 发送请求:<Response [200]> demo.py test_xgfp
2023-02-03 11:44:20,320 DEBUG 生产管理系统 发送请求:<Response [200]> demo.py test_fp
2023-02-03 11:44:20,447 DEBUG 生产管理系统 发送请求:<Response [200]> demo.py test_xgfp
2023-02-03 11:45:09,742 DEBUG 生产管理系统 发送请求:<Response [200]> demo.py test_fp
2023-02-03 11:45:09,851 DEBUG 生产管理系统 发送请求:<Response [200]> demo.py test_xgfp
2023-02-03 11:45:45,500 DEBUG 生产管理系统 发送请求:<Response [200]> demo.py test_fp
2023-02-03 11:45:45,624 DEBUG 生产管理系统 发送请求:<Response [200]> demo.py test_xgfp
2023-02-03 11:49:54,004 DEBUG 生产管理系统 发送请求:<Response [200]> demo.py test_fp
2023-02-03 11:49:54,118 DEBUG 生产管理系统 发送请求:<Response [200]> demo.py test_xgfp
2023-02-03 11:52:37,471 DEBUG 生产管理系统 发送请求:<Response [200]> demo.py test_fp
2023-02-03 11:52:37,582 DEBUG 生产管理系统 发送请求:<Response [200]> demo.py test_xgfp
2023-02-03 11:55:01,850 DEBUG 生产管理系统 发送请求:<Response [200]> demo.py test_fp
2023-02-03 11:55:01,991 DEBUG 生产管理系统 发送请求:<Response [200]> demo.py test_xgfp
2023-02-03 11:55:59,012 DEBUG 生产管理系统 发送请求:<Response [200]> demo.py test_fp
2023-02-03 11:55:59,228 DEBUG 生产管理系统 发送请求:<Response [200]> demo.py test_xgfp
2023-02-03 11:57:29,423 DEBUG 生产管理系统 发送请求:<Response [200]> demo.py test_fp
2023-02-03 11:57:29,646 DEBUG 生产管理系统 发送请求:<Response [200]> demo.py test_xgfp
2023-02-03 11:59:33,326 DEBUG 生产管理系统 发送请求:<Response [200]> demo.py test_fp
2023-02-03 11:59:33,520 DEBUG 生产管理系统 发送请求:<Response [200]> demo.py test_xgfp
2023-02-03 12:27:41,788 DEBUG 生产管理系统 发送请求:<Response [200]> test_yf.py test_fp
2023-02-03 12:27:42,063 DEBUG 生产管理系统 发送请求:<Response [200]> test_yf.py test_zk
2023-02-03 12:27:42,227 DEBUG 生产管理系统 发送请求:<Response [200]> test_yf.py test_xgzk
2023-02-03 12:27:42,480 DEBUG 生产管理系统 发送请求:<Response [200]> test_yf.py test_zz
2023-02-03 12:27:43,782 DEBUG 生产管理系统 发送请求:<Response [200]> test_yf.py test_xgzz
2023-02-03 12:27:43,992 DEBUG 生产管理系统 发送请求:<Response [200]> test_yf.py test_ws
2023-02-03 12:27:44,138 DEBUG 生产管理系统 发送请求:<Response [200]> test_yf.py test_xgws
2023-02-03 12:27:44,291 DEBUG 生产管理系统 发送请求:<Response [200]> test_yf.py test_yfk
2023-02-03 12:29:53,173 DEBUG 生产管理系统 发送请求:<Response [200]> test_yf.py test_fp
2023-02-03 12:29:53,333 DEBUG 生产管理系统 发送请求:<Response [200]> test_yf.py test_zk
2023-02-03 12:29:53,514 DEBUG 生产管理系统 发送请求:<Response [200]> test_yf.py test_xgzk
2023-02-03 12:29:53,692 DEBUG 生产管理系统 发送请求:<Response [200]> test_yf.py test_zz
2023-02-03 12:29:53,876 DEBUG 生产管理系统 发送请求:<Response [200]> test_yf.py test_xgzz
2023-02-03 12:29:54,272 DEBUG 生产管理系统 发送请求:<Response [200]> test_yf.py test_ws
2023-02-03 12:29:54,404 DEBUG 生产管理系统 发送请求:<Response [200]> test_yf.py test_xgws
2023-02-03 12:29:54,525 DEBUG 生产管理系统 发送请求:<Response [200]> test_yf.py test_yfk
2023-02-03 12:30:24,578 DEBUG 生产管理系统 发送请求:<Response [200]> test_yf.py test_fp
2023-02-03 12:30:24,746 DEBUG 生产管理系统 发送请求:<Response [200]> test_yf.py test_zk
2023-02-03 12:30:24,912 DEBUG 生产管理系统 发送请求:<Response [200]> test_yf.py test_xgzk
2023-02-03 12:30:25,307 DEBUG 生产管理系统 发送请求:<Response [200]> test_yf.py test_zz
2023-02-03 12:30:25,482 DEBUG 生产管理系统 发送请求:<Response [200]> test_yf.py test_xgzz
2023-02-03 12:30:25,638 DEBUG 生产管理系统 发送请求:<Response [200]> test_yf.py test_ws
2023-02-03 12:30:25,772 DEBUG 生产管理系统 发送请求:<Response [200]> test_yf.py test_xgws
2023-02-03 12:30:25,889 DEBUG 生产管理系统 发送请求:<Response [200]> test_yf.py test_yfk
2023-02-03 12:30:52,014 DEBUG 生产管理系统 发送请求:<Response [200]> test_yf.py test_fp
2023-02-03 12:30:52,219 DEBUG 生产管理系统 发送请求:<Response [200]> test_yf.py test_zk
2023-02-03 12:30:52,387 DEBUG 生产管理系统 发送请求:<Response [200]> test_yf.py test_xgzk
2023-02-03 12:30:52,566 DEBUG 生产管理系统 发送请求:<Response [200]> test_yf.py test_zz
2023-02-03 12:30:52,749 DEBUG 生产管理系统 发送请求:<Response [200]> test_yf.py test_xgzz
2023-02-03 12:30:52,936 DEBUG 生产管理系统 发送请求:<Response [200]> test_yf.py test_ws
2023-02-03 12:30:53,077 DEBUG 生产管理系统 发送请求:<Response [200]> test_yf.py test_xgws
2023-02-03 12:30:53,209 DEBUG 生产管理系统 发送请求:<Response [200]> test_yf.py test_yfk
2023-02-03 12:32:08,848 DEBUG 生产管理系统 发送请求:<Response [200]> test_yf.py test_fp
2023-02-03 12:32:09,019 DEBUG 生产管理系统 发送请求:<Response [200]> test_yf.py test_zk
2023-02-03 12:32:09,186 DEBUG 生产管理系统 发送请求:<Response [200]> test_yf.py test_xgzk
2023-02-03 12:32:09,358 DEBUG 生产管理系统 发送请求:<Response [200]> test_yf.py test_zz
2023-02-03 12:32:09,746 DEBUG 生产管理系统 发送请求:<Response [200]> test_yf.py test_xgzz
2023-02-03 12:32:09,898 DEBUG 生产管理系统 发送请求:<Response [200]> test_yf.py test_ws
2023-02-03 12:32:10,064 DEBUG 生产管理系统 发送请求:<Response [200]> test_yf.py test_xgws
2023-02-03 12:32:10,189 DEBUG 生产管理系统 发送请求:<Response [200]> test_yf.py test_yfk
2023-02-03 13:09:39,899 DEBUG 生产管理系统 发送请求:<Response [200]> demo.py test_fk
2023-02-03 13:09:40,102 DEBUG 生产管理系统 发送请求:<Response [200]> demo.py test_xgfk
2023-02-03 13:10:31,980 DEBUG 生产管理系统 发送请求:<Response [200]> demo.py test_fk
2023-02-03 13:10:32,206 DEBUG 生产管理系统 发送请求:<Response [200]> demo.py test_xgfk
2023-02-03 13:36:15,500 DEBUG 生产管理系统 发送请求:<Response [200]> demo.py test_fk
2023-02-03 13:36:15,649 DEBUG 生产管理系统 发送请求:<Response [200]> demo.py test_xgfk
2023-02-03 13:40:12,864 DEBUG 生产管理系统 发送请求:<Response [200]> demo.py test_fk
2023-02-03 13:40:13,020 DEBUG 生产管理系统 发送请求:<Response [200]> demo.py test_xgfk
2023-02-03 13:41:18,688 DEBUG 生产管理系统 发送请求:<Response [200]> demo.py test_fk
2023-02-03 13:41:18,988 DEBUG 生产管理系统 发送请求:<Response [200]> demo.py test_xgfk
2023-02-03 13:42:04,375 DEBUG 生产管理系统 发送请求:<Response [200]> demo.py test_fk
2023-02-03 13:42:04,647 DEBUG 生产管理系统 发送请求:<Response [200]> demo.py test_xgfk
2023-02-03 13:45:02,473 DEBUG 生产管理系统 发送请求:<Response [200]> demo.py test_fk
2023-02-03 13:45:02,669 DEBUG 生产管理系统 发送请求:<Response [200]> demo.py test_xgfk
2023-02-03 13:45:19,720 DEBUG 生产管理系统 发送请求:<Response [200]> demo.py test_fk
2023-02-03 13:45:19,911 DEBUG 生产管理系统 发送请求:<Response [200]> demo.py test_xgfk
2023-02-03 13:47:06,354 DEBUG 生产管理系统 发送请求:<Response [200]> demo.py test_fk
2023-02-03 13:47:06,556 DEBUG 生产管理系统 发送请求:<Response [200]> demo.py test_xgfk
2023-02-03 13:51:10,474 DEBUG 生产管理系统 发送请求:<Response [200]> demo.py test_fk
2023-02-03 13:51:10,667 DEBUG 生产管理系统 发送请求:<Response [200]> demo.py test_xgfk
2023-02-03 13:51:37,431 DEBUG 生产管理系统 发送请求:<Response [200]> demo.py test_fk
2023-02-03 13:51:37,549 DEBUG 生产管理系统 发送请求:<Response [200]> demo.py test_xgfk
2023-02-03 13:54:48,776 DEBUG 生产管理系统 发送请求:<Response [200]> test_yf.py test_fp
2023-02-03 13:54:48,949 DEBUG 生产管理系统 发送请求:<Response [200]> test_yf.py test_fk
2023-02-03 13:54:49,121 DEBUG 生产管理系统 发送请求:<Response [200]> test_yf.py test_zk
2023-02-03 13:54:49,291 DEBUG 生产管理系统 发送请求:<Response [200]> test_yf.py test_xgzk
2023-02-03 13:54:49,462 DEBUG 生产管理系统 发送请求:<Response [200]> test_yf.py test_zz
2023-02-03 13:54:49,643 DEBUG 生产管理系统 发送请求:<Response [200]> test_yf.py test_xgzz
2023-02-03 13:54:49,794 DEBUG 生产管理系统 发送请求:<Response [200]> test_yf.py test_ws
2023-02-03 13:54:49,982 DEBUG 生产管理系统 发送请求:<Response [200]> test_yf.py test_xgws
2023-02-03 13:54:50,107 DEBUG 生产管理系统 发送请求:<Response [200]> test_yf.py test_yfk
2023-02-03 13:56:27,853 DEBUG 生产管理系统 发送请求:<Response [200]> test_yf.py test_fp
2023-02-03 13:56:28,041 DEBUG 生产管理系统 发送请求:<Response [200]> test_yf.py test_fk
2023-02-03 13:56:28,209 DEBUG 生产管理系统 发送请求:<Response [200]> test_yf.py test_zk
2023-02-03 13:56:28,377 DEBUG 生产管理系统 发送请求:<Response [200]> test_yf.py test_xgzk
2023-02-03 13:56:28,542 DEBUG 生产管理系统 发送请求:<Response [200]> test_yf.py test_zz
2023-02-03 13:56:28,715 DEBUG 生产管理系统 发送请求:<Response [200]> test_yf.py test_xgzz
2023-02-03 13:56:28,930 DEBUG 生产管理系统 发送请求:<Response [200]> test_yf.py test_ws
2023-02-03 13:56:29,085 DEBUG 生产管理系统 发送请求:<Response [200]> test_yf.py test_xgws
2023-02-03 13:56:29,197 DEBUG 生产管理系统 发送请求:<Response [200]> test_yf.py test_yfk
2023-02-03 14:09:03,984 DEBUG 生产管理系统 发送请求:<Response [200]> test_yf.py test_fp
2023-02-03 14:09:04,161 DEBUG 生产管理系统 发送请求:<Response [200]> test_yf.py test_fk
2023-02-03 14:09:04,326 DEBUG 生产管理系统 发送请求:<Response [200]> test_yf.py test_zk
2023-02-03 14:09:04,524 DEBUG 生产管理系统 发送请求:<Response [200]> test_yf.py test_xgzk
2023-02-03 14:09:04,703 DEBUG 生产管理系统 发送请求:<Response [200]> test_yf.py test_zz
2023-02-03 14:09:04,886 DEBUG 生产管理系统 发送请求:<Response [200]> test_yf.py test_xgzz
2023-02-03 14:09:05,045 DEBUG 生产管理系统 发送请求:<Response [200]> test_yf.py test_ws
2023-02-03 14:09:05,212 DEBUG 生产管理系统 发送请求:<Response [200]> test_yf.py test_xgws
2023-02-03 14:09:05,334 DEBUG 生产管理系统 发送请求:<Response [200]> test_yf.py test_yfk
2023-02-03 14:15:03,049 DEBUG 生产管理系统 发送请求:<Response [200]> demo.py test_fk
2023-02-03 14:15:03,164 DEBUG 生产管理系统 发送请求:<Response [200]> demo.py test_scfk
2023-02-03 14:15:43,212 DEBUG 生产管理系统 发送请求:<Response [200]> demo.py test_fk
2023-02-03 14:15:43,475 DEBUG 生产管理系统 发送请求:<Response [200]> demo.py test_scfk
2023-02-03 14:17:05,096 DEBUG 生产管理系统 发送请求:<Response [200]> demo.py test_fk
2023-02-03 14:17:05,289 DEBUG 生产管理系统 发送请求:<Response [200]> demo.py test_scfk
2023-02-03 14:57:05,772 DEBUG 生产管理系统 发送请求:<Response [200]> test_yf.py test_fp
2023-02-03 14:57:05,943 DEBUG 生产管理系统 发送请求:<Response [200]> test_yf.py test_fk
2023-02-03 14:57:06,060 DEBUG 生产管理系统 发送请求:<Response [200]> test_yf.py test_scfk
2023-02-03 14:57:06,226 DEBUG 生产管理系统 发送请求:<Response [200]> test_yf.py test_zk
2023-02-03 14:57:06,442 DEBUG 生产管理系统 发送请求:<Response [200]> test_yf.py test_xgzk
2023-02-03 14:57:06,662 DEBUG 生产管理系统 发送请求:<Response [200]> test_yf.py test_zz
2023-02-03 14:57:06,855 DEBUG 生产管理系统 发送请求:<Response [200]> test_yf.py test_xgzz
2023-02-03 14:57:07,012 DEBUG 生产管理系统 发送请求:<Response [200]> test_yf.py test_ws
2023-02-03 14:57:07,198 DEBUG 生产管理系统 发送请求:<Response [200]> test_yf.py test_xgws
2023-02-03 14:57:07,328 DEBUG 生产管理系统 发送请求:<Response [200]> test_yf.py test_yfk
2023-02-03 14:57:57,937 DEBUG 生产管理系统 发送请求:<Response [200]> test_yf.py test_fp
2023-02-03 14:57:58,101 DEBUG 生产管理系统 发送请求:<Response [200]> test_yf.py test_fk
2023-02-03 14:57:58,313 DEBUG 生产管理系统 发送请求:<Response [200]> test_yf.py test_scfk
2023-02-03 14:57:58,486 DEBUG 生产管理系统 发送请求:<Response [200]> test_yf.py test_zk
2023-02-03 14:57:58,650 DEBUG 生产管理系统 发送请求:<Response [200]> test_yf.py test_xgzk
2023-02-03 14:57:58,819 DEBUG 生产管理系统 发送请求:<Response [200]> test_yf.py test_zz
2023-02-03 14:57:59,050 DEBUG 生产管理系统 发送请求:<Response [200]> test_yf.py test_xgzz
2023-02-03 14:57:59,225 DEBUG 生产管理系统 发送请求:<Response [200]> test_yf.py test_ws
2023-02-03 14:57:59,388 DEBUG 生产管理系统 发送请求:<Response [200]> test_yf.py test_xgws
2023-02-03 14:57:59,519 DEBUG 生产管理系统 发送请求:<Response [200]> test_yf.py test_yfk
2023-02-03 15:15:11,738 DEBUG 生产管理系统 发送请求:<Response [200]> test_yf.py test_fp
2023-02-03 15:15:11,934 DEBUG 生产管理系统 发送请求:<Response [200]> test_yf.py test_fk
2023-02-03 15:15:12,139 DEBUG 生产管理系统 发送请求:<Response [200]> test_yf.py test_scfk
2023-02-03 15:15:12,334 DEBUG 生产管理系统 发送请求:<Response [200]> test_yf.py test_zk
2023-02-03 15:15:12,524 DEBUG 生产管理系统 发送请求:<Response [200]> test_yf.py test_xgzk
2023-02-03 15:15:12,670 DEBUG 生产管理系统 发送请求:<Response [200]> test_yf.py test_sczk
2023-02-03 15:15:12,861 DEBUG 生产管理系统 发送请求:<Response [200]> test_yf.py test_zz
2023-02-03 15:15:13,057 DEBUG 生产管理系统 发送请求:<Response [200]> test_yf.py test_xgzz
2023-02-03 15:15:13,214 DEBUG 生产管理系统 发送请求:<Response [200]> test_yf.py test_sczz
2023-02-03 15:15:13,504 DEBUG 生产管理系统 发送请求:<Response [200]> test_yf.py test_ws
2023-02-03 15:15:13,700 DEBUG 生产管理系统 发送请求:<Response [200]> test_yf.py test_xgws
2023-02-03 15:15:13,840 DEBUG 生产管理系统 发送请求:<Response [200]> test_yf.py test_scws
2023-02-03 15:15:14,031 DEBUG 生产管理系统 发送请求:<Response [200]> test_yf.py test_yfk
2023-02-03 15:17:54,488 DEBUG 生产管理系统 发送请求:<Response [200]> test_yf.py test_fp
2023-02-03 15:17:54,683 DEBUG 生产管理系统 发送请求:<Response [200]> test_yf.py test_fk
2023-02-03 15:17:54,897 DEBUG 生产管理系统 发送请求:<Response [200]> test_yf.py test_scfk
2023-02-03 15:17:55,100 DEBUG 生产管理系统 发送请求:<Response [200]> test_yf.py test_zk
2023-02-03 15:17:55,272 DEBUG 生产管理系统 发送请求:<Response [200]> test_yf.py test_xgzk
2023-02-03 15:17:55,425 DEBUG 生产管理系统 发送请求:<Response [200]> test_yf.py test_sczk
2023-02-03 15:17:55,602 DEBUG 生产管理系统 发送请求:<Response [200]> test_yf.py test_zz
2023-02-03 15:17:55,819 DEBUG 生产管理系统 发送请求:<Response [200]> test_yf.py test_xgzz
2023-02-03 15:17:56,018 DEBUG 生产管理系统 发送请求:<Response [200]> test_yf.py test_sczz
2023-02-03 15:17:56,216 DEBUG 生产管理系统 发送请求:<Response [200]> test_yf.py test_ws
2023-02-03 15:17:56,379 DEBUG 生产管理系统 发送请求:<Response [200]> test_yf.py test_xgws
2023-02-03 15:17:56,508 DEBUG 生产管理系统 发送请求:<Response [200]> test_yf.py test_yfk
2023-02-03 15:20:27,225 DEBUG 生产管理系统 发送请求:<Response [200]> test_yf.py test_fp
2023-02-03 15:20:27,418 DEBUG 生产管理系统 发送请求:<Response [200]> test_yf.py test_fk
2023-02-03 15:20:27,681 DEBUG 生产管理系统 发送请求:<Response [200]> test_yf.py test_zk
2023-02-03 15:20:27,886 DEBUG 生产管理系统 发送请求:<Response [200]> test_yf.py test_xgzk
2023-02-03 15:20:28,077 DEBUG 生产管理系统 发送请求:<Response [200]> test_yf.py test_zz
2023-02-03 15:20:28,271 DEBUG 生产管理系统 发送请求:<Response [200]> test_yf.py test_xgzz
2023-02-03 15:20:28,457 DEBUG 生产管理系统 发送请求:<Response [200]> test_yf.py test_ws
2023-02-03 15:20:28,755 DEBUG 生产管理系统 发送请求:<Response [200]> test_yf.py test_xgws
2023-02-03 15:20:28,899 DEBUG 生产管理系统 发送请求:<Response [200]> test_yf.py test_yfk
2023-02-03 16:32:34,580 DEBUG 生产管理系统 发送请求:<Response [200]> demo.py test_zk
2023-02-03 16:32:34,752 DEBUG 生产管理系统 发送请求:<Response [200]> demo.py test_xgzk
2023-02-03 16:32:34,910 DEBUG 生产管理系统 发送请求:<Response [200]> demo.py test_sczk
2023-02-03 16:35:48,295 DEBUG 生产管理系统 发送请求:<Response [200]> demo.py test_zk
2023-02-03 16:35:48,472 DEBUG 生产管理系统 发送请求:<Response [200]> demo.py test_xgzk
2023-02-03 16:35:48,610 DEBUG 生产管理系统 发送请求:<Response [200]> demo.py test_sczk
2023-02-03 16:39:37,435 DEBUG 生产管理系统 发送请求:<Response [200]> demo.py test_zk
2023-02-03 16:39:37,617 DEBUG 生产管理系统 发送请求:<Response [200]> demo.py test_xgzk
2023-02-03 16:39:37,903 DEBUG 生产管理系统 发送请求:<Response [200]> demo.py test_sczk
2023-02-03 16:40:26,365 DEBUG 生产管理系统 发送请求:<Response [200]> demo.py test_zk
2023-02-03 16:40:26,535 DEBUG 生产管理系统 发送请求:<Response [200]> demo.py test_xgzk
2023-02-03 16:40:26,682 DEBUG 生产管理系统 发送请求:<Response [200]> demo.py test_sczk
2023-02-03 16:41:33,203 DEBUG 生产管理系统 发送请求:<Response [200]> demo.py test_sczk
2023-02-03 16:41:59,942 DEBUG 生产管理系统 发送请求:<Response [200]> demo.py test_zk
2023-02-03 16:42:00,247 DEBUG 生产管理系统 发送请求:<Response [200]> demo.py test_xgzk
2023-02-03 16:42:00,421 DEBUG 生产管理系统 发送请求:<Response [200]> demo.py test_sczk
2023-02-03 16:43:18,569 DEBUG 生产管理系统 发送请求:<Response [200]> demo.py test_zk
2023-02-03 16:43:18,738 DEBUG 生产管理系统 发送请求:<Response [200]> demo.py test_xgzk
2023-02-03 16:43:18,876 DEBUG 生产管理系统 发送请求:<Response [200]> demo.py test_sczk
2023-02-03 16:44:05,154 DEBUG 生产管理系统 发送请求:<Response [200]> demo.py test_zk
2023-02-03 16:44:05,321 DEBUG 生产管理系统 发送请求:<Response [200]> demo.py test_xgzk
2023-02-03 16:44:05,456 DEBUG 生产管理系统 发送请求:<Response [200]> demo.py test_sczk
2023-02-03 16:50:23,280 DEBUG 生产管理系统 发送请求:<Response [200]> test_yf.py test_fp
2023-02-03 16:50:23,514 DEBUG 生产管理系统 发送请求:<Response [200]> test_yf.py test_fk
2023-02-03 16:50:23,677 DEBUG 生产管理系统 发送请求:<Response [200]> test_yf.py test_zk
2023-02-03 16:50:23,851 DEBUG 生产管理系统 发送请求:<Response [200]> test_yf.py test_xgzk
2023-02-03 16:50:24,010 DEBUG 生产管理系统 发送请求:<Response [200]> test_yf.py test_sczk
2023-02-03 16:50:24,370 DEBUG 生产管理系统 发送请求:<Response [200]> test_yf.py test_zz
2023-02-03 16:50:24,562 DEBUG 生产管理系统 发送请求:<Response [200]> test_yf.py test_xgzz
2023-02-03 16:50:24,749 DEBUG 生产管理系统 发送请求:<Response [200]> test_yf.py test_ws
2023-02-03 16:50:24,909 DEBUG 生产管理系统 发送请求:<Response [200]> test_yf.py test_xgws
2023-02-03 16:50:25,063 DEBUG 生产管理系统 发送请求:<Response [200]> test_yf.py test_yfk
2023-02-03 16:52:53,379 DEBUG 生产管理系统 发送请求:<Response [200]> test_yf.py test_fp
2023-02-03 16:52:53,562 DEBUG 生产管理系统 发送请求:<Response [200]> test_yf.py test_fk
2023-02-03 16:52:53,730 DEBUG 生产管理系统 发送请求:<Response [200]> test_yf.py test_zk
2023-02-03 16:52:53,902 DEBUG 生产管理系统 发送请求:<Response [200]> test_yf.py test_xgzk
2023-02-03 16:52:54,050 DEBUG 生产管理系统 发送请求:<Response [200]> test_yf.py test_sczk
2023-02-03 16:52:54,241 DEBUG 生产管理系统 发送请求:<Response [200]> test_yf.py test_zz
2023-02-03 16:52:54,418 DEBUG 生产管理系统 发送请求:<Response [200]> test_yf.py test_xgzz
2023-02-03 16:52:54,575 DEBUG 生产管理系统 发送请求:<Response [200]> test_yf.py test_ws
2023-02-03 16:52:54,733 DEBUG 生产管理系统 发送请求:<Response [200]> test_yf.py test_xgws
2023-02-03 16:52:54,865 DEBUG 生产管理系统 发送请求:<Response [200]> test_yf.py test_yfk
2023-02-03 16:54:42,471 DEBUG 生产管理系统 发送请求:<Response [200]> test_yf.py test_fp
2023-02-03 16:54:42,664 DEBUG 生产管理系统 发送请求:<Response [200]> test_yf.py test_fk
2023-02-03 16:54:42,835 DEBUG 生产管理系统 发送请求:<Response [200]> test_yf.py test_zk
2023-02-03 16:54:43,018 DEBUG 生产管理系统 发送请求:<Response [200]> test_yf.py test_xgzk
2023-02-03 16:54:43,196 DEBUG 生产管理系统 发送请求:<Response [200]> test_yf.py test_sczk
2023-02-03 16:54:43,382 DEBUG 生产管理系统 发送请求:<Response [200]> test_yf.py test_zz
2023-02-03 16:54:43,573 DEBUG 生产管理系统 发送请求:<Response [200]> test_yf.py test_xgzz
2023-02-03 16:54:43,739 DEBUG 生产管理系统 发送请求:<Response [200]> test_yf.py test_ws
2023-02-03 16:54:43,904 DEBUG 生产管理系统 发送请求:<Response [200]> test_yf.py test_xgws
2023-02-03 16:54:44,052 DEBUG 生产管理系统 发送请求:<Response [200]> test_yf.py test_yfk
2023-02-03 16:58:10,820 DEBUG 生产管理系统 发送请求:<Response [200]> test_yf.py test_fp
2023-02-03 16:58:11,024 DEBUG 生产管理系统 发送请求:<Response [200]> test_yf.py test_fk
2023-02-03 16:58:11,178 DEBUG 生产管理系统 发送请求:<Response [200]> test_yf.py test_zk
2023-02-03 16:58:11,350 DEBUG 生产管理系统 发送请求:<Response [200]> test_yf.py test_xgzk
2023-02-03 16:58:11,525 DEBUG 生产管理系统 发送请求:<Response [200]> test_yf.py test_sczk
2023-02-03 16:58:11,706 DEBUG 生产管理系统 发送请求:<Response [200]> test_yf.py test_zz
2023-02-03 16:58:11,891 DEBUG 生产管理系统 发送请求:<Response [200]> test_yf.py test_xgzz
2023-02-03 16:58:12,083 DEBUG 生产管理系统 发送请求:<Response [200]> test_yf.py test_ws
2023-02-03 16:58:12,270 DEBUG 生产管理系统 发送请求:<Response [200]> test_yf.py test_xgws
2023-02-03 16:58:12,390 DEBUG 生产管理系统 发送请求:<Response [200]> test_yf.py test_yfk
2023-02-03 17:30:41,580 DEBUG 生产管理系统 发送请求:<Response [200]> test_yf.py test_fp
2023-02-03 17:30:41,678 DEBUG 生产管理系统 发送请求:<Response [200]> test_yf.py test_sckp
2023-02-03 17:30:42,016 DEBUG 生产管理系统 发送请求:<Response [200]> test_yf.py test_fk
2023-02-03 17:30:42,264 DEBUG 生产管理系统 发送请求:<Response [200]> test_yf.py test_scfk
2023-02-03 17:30:42,449 DEBUG 生产管理系统 发送请求:<Response [200]> test_yf.py test_zk
2023-02-03 17:30:42,615 DEBUG 生产管理系统 发送请求:<Response [200]> test_yf.py test_xgzk
2023-02-03 17:30:42,751 DEBUG 生产管理系统 发送请求:<Response [200]> test_yf.py test_sczk
2023-02-03 17:30:42,961 DEBUG 生产管理系统 发送请求:<Response [200]> test_yf.py test_zz
2023-02-03 17:30:43,142 DEBUG 生产管理系统 发送请求:<Response [200]> test_yf.py test_xgzz
2023-02-03 17:30:43,290 DEBUG 生产管理系统 发送请求:<Response [200]> test_yf.py test_sczz
2023-02-03 17:30:43,453 DEBUG 生产管理系统 发送请求:<Response [200]> test_yf.py test_ws
2023-02-03 17:30:43,614 DEBUG 生产管理系统 发送请求:<Response [200]> test_yf.py test_xgws
2023-02-03 17:30:43,757 DEBUG 生产管理系统 发送请求:<Response [200]> test_yf.py test_scws
2023-02-03 17:30:43,899 DEBUG 生产管理系统 发送请求:<Response [200]> test_yf.py test_yfk
2023-02-03 17:34:16,686 DEBUG 生产管理系统 发送请求:<Response [200]> test_yf.py test_fp
2023-02-03 17:34:16,800 DEBUG 生产管理系统 发送请求:<Response [200]> test_yf.py test_sckp
2023-02-03 17:34:17,120 DEBUG 生产管理系统 发送请求:<Response [200]> test_yf.py test_fk
2023-02-03 17:34:17,307 DEBUG 生产管理系统 发送请求:<Response [200]> test_yf.py test_scfk
2023-02-03 17:34:17,517 DEBUG 生产管理系统 发送请求:<Response [200]> test_yf.py test_zk
2023-02-03 17:34:17,685 DEBUG 生产管理系统 发送请求:<Response [200]> test_yf.py test_xgzk
2023-02-03 17:34:17,823 DEBUG 生产管理系统 发送请求:<Response [200]> test_yf.py test_sczk
2023-02-03 17:34:18,009 DEBUG 生产管理系统 发送请求:<Response [200]> test_yf.py test_zz
2023-02-03 17:34:18,203 DEBUG 生产管理系统 发送请求:<Response [200]> test_yf.py test_xgzz
2023-02-03 17:34:18,355 DEBUG 生产管理系统 发送请求:<Response [200]> test_yf.py test_sczz
2023-02-03 17:34:18,540 DEBUG 生产管理系统 发送请求:<Response [200]> test_yf.py test_ws
2023-02-03 17:34:18,704 DEBUG 生产管理系统 发送请求:<Response [200]> test_yf.py test_xgws
2023-02-03 17:34:18,841 DEBUG 生产管理系统 发送请求:<Response [200]> test_yf.py test_scws
2023-02-03 17:34:18,977 DEBUG 生产管理系统 发送请求:<Response [200]> test_yf.py test_yfk
2023-02-03 17:36:13,249 DEBUG 生产管理系统 发送请求:<Response [200]> test_yf.py test_fp
2023-02-03 17:36:13,365 DEBUG 生产管理系统 发送请求:<Response [200]> test_yf.py test_sckp
2023-02-03 17:36:13,723 DEBUG 生产管理系统 发送请求:<Response [200]> test_yf.py test_fk
2023-02-03 17:36:13,956 DEBUG 生产管理系统 发送请求:<Response [200]> test_yf.py test_scfk
2023-02-03 17:36:14,155 DEBUG 生产管理系统 发送请求:<Response [200]> test_yf.py test_zk
2023-02-03 17:36:14,343 DEBUG 生产管理系统 发送请求:<Response [200]> test_yf.py test_xgzk
2023-02-03 17:36:14,580 DEBUG 生产管理系统 发送请求:<Response [200]> test_yf.py test_sczk
2023-02-03 17:36:14,790 DEBUG 生产管理系统 发送请求:<Response [200]> test_yf.py test_zz
2023-02-03 17:36:14,997 DEBUG 生产管理系统 发送请求:<Response [200]> test_yf.py test_xgzz
2023-02-03 17:36:15,179 DEBUG 生产管理系统 发送请求:<Response [200]> test_yf.py test_sczz
2023-02-03 17:36:15,462 DEBUG 生产管理系统 发送请求:<Response [200]> test_yf.py test_ws
2023-02-03 17:36:15,626 DEBUG 生产管理系统 发送请求:<Response [200]> test_yf.py test_xgws
2023-02-03 17:36:15,764 DEBUG 生产管理系统 发送请求:<Response [200]> test_yf.py test_scws
2023-02-03 17:36:15,900 DEBUG 生产管理系统 发送请求:<Response [200]> test_yf.py test_yfk
2023-02-03 17:42:23,747 DEBUG 生产管理系统 发送请求:<Response [200]> demo.py test_fp
2023-02-03 17:42:23,868 DEBUG 生产管理系统 发送请求:<Response [200]> demo.py test_sckp
2023-02-03 17:42:47,710 DEBUG 生产管理系统 发送请求:<Response [200]> demo.py test_fp
2023-02-03 17:42:47,829 DEBUG 生产管理系统 发送请求:<Response [200]> demo.py test_sckp
2023-02-03 17:45:57,780 DEBUG 生产管理系统 发送请求:<Response [200]> test_yf.py test_fp
2023-02-03 17:45:57,966 DEBUG 生产管理系统 发送请求:<Response [200]> test_yf.py test_sckp
2023-02-03 17:45:58,145 DEBUG 生产管理系统 发送请求:<Response [200]> test_yf.py test_fk
2023-02-03 17:45:58,333 DEBUG 生产管理系统 发送请求:<Response [200]> test_yf.py test_scfk
2023-02-03 17:45:58,515 DEBUG 生产管理系统 发送请求:<Response [200]> test_yf.py test_zk
2023-02-03 17:45:58,728 DEBUG 生产管理系统 发送请求:<Response [200]> test_yf.py test_xgzk
2023-02-03 17:45:58,904 DEBUG 生产管理系统 发送请求:<Response [200]> test_yf.py test_sczk
2023-02-03 17:45:59,078 DEBUG 生产管理系统 发送请求:<Response [200]> test_yf.py test_zz
2023-02-03 17:45:59,309 DEBUG 生产管理系统 发送请求:<Response [200]> test_yf.py test_xgzz
2023-02-03 17:45:59,505 DEBUG 生产管理系统 发送请求:<Response [200]> test_yf.py test_sczz
2023-02-03 17:45:59,679 DEBUG 生产管理系统 发送请求:<Response [200]> test_yf.py test_ws
2023-02-03 17:45:59,836 DEBUG 生产管理系统 发送请求:<Response [200]> test_yf.py test_xgws
2023-02-03 17:46:00,047 DEBUG 生产管理系统 发送请求:<Response [200]> test_yf.py test_scws
2023-02-03 17:46:00,192 DEBUG 生产管理系统 发送请求:<Response [200]> test_yf.py test_yfk
2023-02-03 17:48:27,384 DEBUG 生产管理系统 发送请求:<Response [200]> demo.py test_fp
2023-02-03 17:48:27,573 DEBUG 生产管理系统 发送请求:<Response [200]> demo.py test_sckp
2023-02-03 17:48:37,592 DEBUG 生产管理系统 发送请求:<Response [200]> demo.py test_fp
2023-02-03 17:48:37,771 DEBUG 生产管理系统 发送请求:<Response [200]> demo.py test_sckp
2023-02-03 17:49:00,130 DEBUG 生产管理系统 发送请求:<Response [200]> demo.py test_fp
2023-02-03 17:49:00,354 DEBUG 生产管理系统 发送请求:<Response [200]> demo.py test_sckp
2023-02-03 17:49:36,319 DEBUG 生产管理系统 发送请求:<Response [200]> test_yf.py test_fp
2023-02-03 17:49:36,508 DEBUG 生产管理系统 发送请求:<Response [200]> test_yf.py test_sckp
2023-02-03 17:49:36,707 DEBUG 生产管理系统 发送请求:<Response [200]> test_yf.py test_fk
2023-02-03 17:49:36,913 DEBUG 生产管理系统 发送请求:<Response [200]> test_yf.py test_scfk
2023-02-03 17:49:37,083 DEBUG 生产管理系统 发送请求:<Response [200]> test_yf.py test_zk
2023-02-03 17:49:37,246 DEBUG 生产管理系统 发送请求:<Response [200]> test_yf.py test_xgzk
2023-02-03 17:49:37,395 DEBUG 生产管理系统 发送请求:<Response [200]> test_yf.py test_sczk
2023-02-03 17:49:37,580 DEBUG 生产管理系统 发送请求:<Response [200]> test_yf.py test_zz
2023-02-03 17:49:37,754 DEBUG 生产管理系统 发送请求:<Response [200]> test_yf.py test_xgzz
2023-02-03 17:49:37,916 DEBUG 生产管理系统 发送请求:<Response [200]> test_yf.py test_sczz
2023-02-03 17:49:38,105 DEBUG 生产管理系统 发送请求:<Response [200]> test_yf.py test_ws
2023-02-03 17:49:38,267 DEBUG 生产管理系统 发送请求:<Response [200]> test_yf.py test_xgws
2023-02-03 17:49:38,414 DEBUG 生产管理系统 发送请求:<Response [200]> test_yf.py test_scws
2023-02-03 17:49:38,529 DEBUG 生产管理系统 发送请求:<Response [200]> test_yf.py test_yfk
2023-02-03 17:51:07,035 DEBUG 生产管理系统 发送请求:<Response [200]> test_yf.py test_fp
2023-02-03 17:51:07,273 DEBUG 生产管理系统 发送请求:<Response [200]> test_yf.py test_sckp
2023-02-03 17:51:07,468 DEBUG 生产管理系统 发送请求:<Response [200]> test_yf.py test_fk
2023-02-03 17:51:07,669 DEBUG 生产管理系统 发送请求:<Response [200]> test_yf.py test_scfk
2023-02-03 17:51:07,849 DEBUG 生产管理系统 发送请求:<Response [200]> test_yf.py test_zk
2023-02-03 17:51:08,080 DEBUG 生产管理系统 发送请求:<Response [200]> test_yf.py test_xgzk
2023-02-03 17:51:08,214 DEBUG 生产管理系统 发送请求:<Response [200]> test_yf.py test_sczk
2023-02-03 17:51:08,392 DEBUG 生产管理系统 发送请求:<Response [200]> test_yf.py test_zz
2023-02-03 17:51:08,574 DEBUG 生产管理系统 发送请求:<Response [200]> test_yf.py test_xgzz
2023-02-03 17:51:08,721 DEBUG 生产管理系统 发送请求:<Response [200]> test_yf.py test_sczz
2023-02-03 17:51:08,894 DEBUG 生产管理系统 发送请求:<Response [200]> test_yf.py test_ws
2023-02-03 17:51:09,052 DEBUG 生产管理系统 发送请求:<Response [200]> test_yf.py test_xgws
2023-02-03 17:51:09,189 DEBUG 生产管理系统 发送请求:<Response [200]> test_yf.py test_scws
2023-02-03 17:51:09,323 DEBUG 生产管理系统 发送请求:<Response [200]> test_yf.py test_yfk
2023-02-03 17:52:02,825 DEBUG 生产管理系统 发送请求:<Response [200]> test_yf.py test_fp
2023-02-03 17:52:03,009 DEBUG 生产管理系统 发送请求:<Response [200]> test_yf.py test_sckp
2023-02-03 17:52:03,188 DEBUG 生产管理系统 发送请求:<Response [200]> test_yf.py test_fk
2023-02-03 17:52:03,385 DEBUG 生产管理系统 发送请求:<Response [200]> test_yf.py test_scfk
2023-02-03 17:52:03,561 DEBUG 生产管理系统 发送请求:<Response [200]> test_yf.py test_zk
2023-02-03 17:52:03,734 DEBUG 生产管理系统 发送请求:<Response [200]> test_yf.py test_xgzk
2023-02-03 17:52:03,872 DEBUG 生产管理系统 发送请求:<Response [200]> test_yf.py test_sczk
2023-02-03 17:52:04,065 DEBUG 生产管理系统 发送请求:<Response [200]> test_yf.py test_zz
2023-02-03 17:52:04,259 DEBUG 生产管理系统 发送请求:<Response [200]> test_yf.py test_xgzz
2023-02-03 17:52:04,408 DEBUG 生产管理系统 发送请求:<Response [200]> test_yf.py test_sczz
2023-02-03 17:52:04,594 DEBUG 生产管理系统 发送请求:<Response [200]> test_yf.py test_ws
2023-02-03 17:52:04,750 DEBUG 生产管理系统 发送请求:<Response [200]> test_yf.py test_xgws
2023-02-03 17:52:04,885 DEBUG 生产管理系统 发送请求:<Response [200]> test_yf.py test_scws
2023-02-03 17:52:05,024 DEBUG 生产管理系统 发送请求:<Response [200]> test_yf.py test_yfk
2023-02-03 18:28:36,564 DEBUG 生产管理系统 发送请求:<Response [200]> test_yf.py test_fp
2023-02-03 18:28:36,798 DEBUG 生产管理系统 发送请求:<Response [200]> test_yf.py test_sckp
2023-02-03 18:28:37,056 DEBUG 生产管理系统 发送请求:<Response [200]> test_yf.py test_fk
2023-02-03 18:28:37,257 DEBUG 生产管理系统 发送请求:<Response [200]> test_yf.py test_scfk
2023-02-03 18:28:37,428 DEBUG 生产管理系统 发送请求:<Response [200]> test_yf.py test_zk
2023-02-03 18:28:37,589 DEBUG 生产管理系统 发送请求:<Response [200]> test_yf.py test_xgzk
2023-02-03 18:28:37,725 DEBUG 生产管理系统 发送请求:<Response [200]> test_yf.py test_sczk
2023-02-03 18:28:37,917 DEBUG 生产管理系统 发送请求:<Response [200]> test_yf.py test_zz
2023-02-03 18:28:38,101 DEBUG 生产管理系统 发送请求:<Response [200]> test_yf.py test_xgzz
2023-02-03 18:28:38,253 DEBUG 生产管理系统 发送请求:<Response [200]> test_yf.py test_sczz
2023-02-03 18:28:38,417 DEBUG 生产管理系统 发送请求:<Response [200]> test_yf.py test_ws
2023-02-03 18:28:38,581 DEBUG 生产管理系统 发送请求:<Response [200]> test_yf.py test_xgws
2023-02-03 18:28:38,716 DEBUG 生产管理系统 发送请求:<Response [200]> test_yf.py test_scws
2023-02-03 18:28:38,835 DEBUG 生产管理系统 发送请求:<Response [200]> test_yf.py test_yfk
2023-02-03 18:29:08,324 DEBUG 生产管理系统 发送请求:<Response [200]> test_yf.py test_fp
2023-02-03 18:29:08,540 DEBUG 生产管理系统 发送请求:<Response [200]> test_yf.py test_sckp
2023-02-03 18:29:08,722 DEBUG 生产管理系统 发送请求:<Response [200]> test_yf.py test_fk
2023-02-03 18:29:08,925 DEBUG 生产管理系统 发送请求:<Response [200]> test_yf.py test_scfk
2023-02-03 18:29:09,089 DEBUG 生产管理系统 发送请求:<Response [200]> test_yf.py test_zk
2023-02-03 18:29:09,248 DEBUG 生产管理系统 发送请求:<Response [200]> test_yf.py test_xgzk
2023-02-03 18:29:09,390 DEBUG 生产管理系统 发送请求:<Response [200]> test_yf.py test_sczk
2023-02-03 18:29:09,579 DEBUG 生产管理系统 发送请求:<Response [200]> test_yf.py test_zz
2023-02-03 18:29:09,762 DEBUG 生产管理系统 发送请求:<Response [200]> test_yf.py test_xgzz
2023-02-03 18:29:09,918 DEBUG 生产管理系统 发送请求:<Response [200]> test_yf.py test_sczz
2023-02-03 18:29:10,086 DEBUG 生产管理系统 发送请求:<Response [200]> test_yf.py test_ws
2023-02-03 18:29:10,251 DEBUG 生产管理系统 发送请求:<Response [200]> test_yf.py test_xgws
2023-02-03 18:29:10,381 DEBUG 生产管理系统 发送请求:<Response [200]> test_yf.py test_scws
2023-02-03 18:29:10,525 DEBUG 生产管理系统 发送请求:<Response [200]> test_yf.py test_yfk
2023-02-03 18:32:34,028 DEBUG 生产管理系统 发送请求:<Response [200]> test_yf.py test_fp
2023-02-03 18:32:34,216 DEBUG 生产管理系统 发送请求:<Response [200]> test_yf.py test_sckp
2023-02-03 18:32:34,392 DEBUG 生产管理系统 发送请求:<Response [200]> test_yf.py test_fk
2023-02-03 18:32:34,579 DEBUG 生产管理系统 发送请求:<Response [200]> test_yf.py test_scfk
2023-02-03 18:32:34,744 DEBUG 生产管理系统 发送请求:<Response [200]> test_yf.py test_zk
2023-02-03 18:32:34,916 DEBUG 生产管理系统 发送请求:<Response [200]> test_yf.py test_xgzk
2023-02-03 18:32:35,070 DEBUG 生产管理系统 发送请求:<Response [200]> test_yf.py test_sczk
2023-02-03 18:32:35,261 DEBUG 生产管理系统 发送请求:<Response [200]> test_yf.py test_zz
2023-02-03 18:32:35,436 DEBUG 生产管理系统 发送请求:<Response [200]> test_yf.py test_xgzz
2023-02-03 18:32:35,590 DEBUG 生产管理系统 发送请求:<Response [200]> test_yf.py test_sczz
2023-02-03 18:32:35,754 DEBUG 生产管理系统 发送请求:<Response [200]> test_yf.py test_ws
2023-02-03 18:32:35,913 DEBUG 生产管理系统 发送请求:<Response [200]> test_yf.py test_xgws
2023-02-03 18:32:36,044 DEBUG 生产管理系统 发送请求:<Response [200]> test_yf.py test_scws
2023-02-03 18:32:36,167 DEBUG 生产管理系统 发送请求:<Response [200]> test_yf.py test_yfk
2023-02-03 18:32:42,463 DEBUG 生产管理系统 发送请求:<Response [200]> test_yf.py test_fp
2023-02-03 18:32:42,644 DEBUG 生产管理系统 发送请求:<Response [200]> test_yf.py test_sckp
2023-02-03 18:32:42,818 DEBUG 生产管理系统 发送请求:<Response [200]> test_yf.py test_fk
2023-02-03 18:32:43,073 DEBUG 生产管理系统 发送请求:<Response [200]> test_yf.py test_scfk
2023-02-03 18:32:43,235 DEBUG 生产管理系统 发送请求:<Response [200]> test_yf.py test_zk
2023-02-03 18:32:43,399 DEBUG 生产管理系统 发送请求:<Response [200]> test_yf.py test_xgzk
2023-02-03 18:32:43,536 DEBUG 生产管理系统 发送请求:<Response [200]> test_yf.py test_sczk
2023-02-03 18:32:43,720 DEBUG 生产管理系统 发送请求:<Response [200]> test_yf.py test_zz
2023-02-03 18:32:43,887 DEBUG 生产管理系统 发送请求:<Response [200]> test_yf.py test_xgzz
2023-02-03 18:32:44,035 DEBUG 生产管理系统 发送请求:<Response [200]> test_yf.py test_sczz
2023-02-03 18:32:44,206 DEBUG 生产管理系统 发送请求:<Response [200]> test_yf.py test_ws
2023-02-03 18:32:44,368 DEBUG 生产管理系统 发送请求:<Response [200]> test_yf.py test_xgws
2023-02-03 18:32:44,513 DEBUG 生产管理系统 发送请求:<Response [200]> test_yf.py test_scws
2023-02-03 18:32:44,648 DEBUG 生产管理系统 发送请求:<Response [200]> test_yf.py test_yfk
2023-02-03 18:33:13,193 DEBUG 生产管理系统 发送请求:<Response [200]> test_yf.py test_fp
2023-02-03 18:33:13,382 DEBUG 生产管理系统 发送请求:<Response [200]> test_yf.py test_sckp
2023-02-03 18:33:13,573 DEBUG 生产管理系统 发送请求:<Response [200]> test_yf.py test_fk
2023-02-03 18:33:13,771 DEBUG 生产管理系统 发送请求:<Response [200]> test_yf.py test_scfk
2023-02-03 18:33:13,939 DEBUG 生产管理系统 发送请求:<Response [200]> test_yf.py test_zk
2023-02-03 18:33:14,103 DEBUG 生产管理系统 发送请求:<Response [200]> test_yf.py test_xgzk
2023-02-03 18:33:14,255 DEBUG 生产管理系统 发送请求:<Response [200]> test_yf.py test_sczk
2023-02-03 18:33:14,448 DEBUG 生产管理系统 发送请求:<Response [200]> test_yf.py test_zz
2023-02-03 18:33:14,668 DEBUG 生产管理系统 发送请求:<Response [200]> test_yf.py test_xgzz
2023-02-03 18:33:14,824 DEBUG 生产管理系统 发送请求:<Response [200]> test_yf.py test_sczz
2023-02-03 18:33:14,984 DEBUG 生产管理系统 发送请求:<Response [200]> test_yf.py test_ws
2023-02-03 18:33:15,137 DEBUG 生产管理系统 发送请求:<Response [200]> test_yf.py test_xgws
2023-02-03 18:33:15,269 DEBUG 生产管理系统 发送请求:<Response [200]> test_yf.py test_scws
2023-02-03 18:33:15,398 DEBUG 生产管理系统 发送请求:<Response [200]> test_yf.py test_yfk
2023-02-03 18:39:21,772 DEBUG 生产管理系统 发送请求:<Response [200]> test_yf.py test_fp
2023-02-03 18:39:21,959 DEBUG 生产管理系统 发送请求:<Response [200]> test_yf.py test_sckp
2023-02-03 18:39:22,133 DEBUG 生产管理系统 发送请求:<Response [200]> test_yf.py test_fk
2023-02-03 18:39:22,324 DEBUG 生产管理系统 发送请求:<Response [200]> test_yf.py test_scfk
2023-02-03 18:39:22,480 DEBUG 生产管理系统 发送请求:<Response [200]> test_yf.py test_zk
2023-02-03 18:39:22,641 DEBUG 生产管理系统 发送请求:<Response [200]> test_yf.py test_xgzk
2023-02-03 18:39:22,799 DEBUG 生产管理系统 发送请求:<Response [200]> test_yf.py test_sczk
2023-02-03 18:39:22,990 DEBUG 生产管理系统 发送请求:<Response [200]> test_yf.py test_zz
2023-02-03 18:39:23,160 DEBUG 生产管理系统 发送请求:<Response [200]> test_yf.py test_xgzz
2023-02-03 18:39:23,303 DEBUG 生产管理系统 发送请求:<Response [200]> test_yf.py test_sczz
2023-02-03 18:39:23,474 DEBUG 生产管理系统 发送请求:<Response [200]> test_yf.py test_ws
2023-02-03 18:39:23,621 DEBUG 生产管理系统 发送请求:<Response [200]> test_yf.py test_xgws
2023-02-03 18:39:23,759 DEBUG 生产管理系统 发送请求:<Response [200]> test_yf.py test_scws
2023-02-03 18:39:23,876 DEBUG 生产管理系统 发送请求:<Response [200]> test_yf.py test_yfk
